0 info it worked if it ends with ok
1 verbose cli [ 'node', '/Users/vaidesai/.nvm/v0.10.44/bin/npm', 'run', 'dev' ]
2 info using npm@2.14.18
3 info using node@v0.10.44
4 verbose run-script [ 'predev', 'dev', 'postdev' ]
5 info predev 07-kickstarter-app@1.0.0
6 info dev 07-kickstarter-app@1.0.0
7 verbose unsafe-perm in lifecycle true
8 info 07-kickstarter-app@1.0.0 Failed to exec dev script
9 verbose stack Error: 07-kickstarter-app@1.0.0 dev: `node server.js`
9 verbose stack Exit status 8
9 verbose stack     at EventEmitter.<anonymous> (/Users/vaidesai/.nvm/v0.10.44/lib/node_modules/npm/lib/utils/lifecycle.js:214:16)
9 verbose stack     at EventEmitter.emit (events.js:98:17)
9 verbose stack     at ChildProcess.<anonymous> (/Users/vaidesai/.nvm/v0.10.44/lib/node_modules/npm/lib/utils/spawn.js:24:14)
9 verbose stack     at ChildProcess.emit (events.js:98:17)
9 verbose stack     at maybeClose (child_process.js:766:16)
9 verbose stack     at Process.ChildProcess._handle.onexit (child_process.js:833:5)
10 verbose pkgid 07-kickstarter-app@1.0.0
11 verbose cwd /Users/vaidesai/Development/git/vaibhavdesai137/ethereum-stuff/truffle/07-kickstarter-app
12 error Darwin 15.6.0
13 error argv "node" "/Users/vaidesai/.nvm/v0.10.44/bin/npm" "run" "dev"
14 error node v0.10.44
15 error npm  v2.14.18
16 error code ELIFECYCLE
17 error 07-kickstarter-app@1.0.0 dev: `node server.js`
17 error Exit status 8
18 error Failed at the 07-kickstarter-app@1.0.0 dev script 'node server.js'.
18 error This is most likely a problem with the 07-kickstarter-app package,
18 error not with npm itself.
18 error Tell the author that this fails on your system:
18 error     node server.js
18 error You can get information on how to open an issue for this project with:
18 error     npm bugs 07-kickstarter-app
18 error Or if that isn't available, you can get their info via:
18 error
18 error     npm owner ls 07-kickstarter-app
18 error There is likely additional logging output above.
19 verbose exit [ 1, true ]
