0 info it worked if it ends with ok
1 verbose cli [ '/Users/vaidesai/.nvm/versions/node/v6.11.3/bin/node',
1 verbose cli   '/Users/vaidesai/.nvm/versions/node/v6.11.3/bin/npm',
1 verbose cli   'run',
1 verbose cli   'test' ]
2 info using npm@3.10.10
3 info using node@v6.11.3
4 verbose run-script [ 'pretest', 'test', 'posttest' ]
5 info lifecycle 04-inbox-app@1.0.0~pretest: 04-inbox-app@1.0.0
6 silly lifecycle 04-inbox-app@1.0.0~pretest: no script for pretest, continuing
7 info lifecycle 04-inbox-app@1.0.0~test: 04-inbox-app@1.0.0
8 verbose lifecycle 04-inbox-app@1.0.0~test: unsafe-perm in lifecycle true
9 verbose lifecycle 04-inbox-app@1.0.0~test: PATH: /Users/vaidesai/.nvm/versions/node/v6.11.3/lib/node_modules/npm/bin/node-gyp-bin:/Users/vaidesai/Development/git/vaibhavdesai137/ethereum-stuff/truffle/04-inbox-app/node_modules/.bin:/Users/vaidesai/.nvm/versions/node/v6.11.3/bin:/usr/bin:/bin:/usr/sbin:/sbin:/usr/local/bin:/Users/vaidesai/Development/workspaces/go/bin
10 verbose lifecycle 04-inbox-app@1.0.0~test: CWD: /Users/vaidesai/Development/git/vaibhavdesai137/ethereum-stuff/truffle/04-inbox-app
11 silly lifecycle 04-inbox-app@1.0.0~test: Args: [ '-c', 'mocha' ]
12 silly lifecycle 04-inbox-app@1.0.0~test: Returned: code: 1  signal: null
13 info lifecycle 04-inbox-app@1.0.0~test: Failed to exec test script
14 verbose stack Error: 04-inbox-app@1.0.0 test: `mocha`
14 verbose stack Exit status 1
14 verbose stack     at EventEmitter.<anonymous> (/Users/vaidesai/.nvm/versions/node/v6.11.3/lib/node_modules/npm/lib/utils/lifecycle.js:255:16)
14 verbose stack     at emitTwo (events.js:106:13)
14 verbose stack     at EventEmitter.emit (events.js:191:7)
14 verbose stack     at ChildProcess.<anonymous> (/Users/vaidesai/.nvm/versions/node/v6.11.3/lib/node_modules/npm/lib/utils/spawn.js:40:14)
14 verbose stack     at emitTwo (events.js:106:13)
14 verbose stack     at ChildProcess.emit (events.js:191:7)
14 verbose stack     at maybeClose (internal/child_process.js:920:16)
14 verbose stack     at Process.ChildProcess._handle.onexit (internal/child_process.js:230:5)
15 verbose pkgid 04-inbox-app@1.0.0
16 verbose cwd /Users/vaidesai/Development/git/vaibhavdesai137/ethereum-stuff/truffle/04-inbox-app
17 error Darwin 15.6.0
18 error argv "/Users/vaidesai/.nvm/versions/node/v6.11.3/bin/node" "/Users/vaidesai/.nvm/versions/node/v6.11.3/bin/npm" "run" "test"
19 error node v6.11.3
20 error npm  v3.10.10
21 error code ELIFECYCLE
22 error 04-inbox-app@1.0.0 test: `mocha`
22 error Exit status 1
23 error Failed at the 04-inbox-app@1.0.0 test script 'mocha'.
23 error Make sure you have the latest version of node.js and npm installed.
23 error If you do, this is most likely a problem with the 04-inbox-app package,
23 error not with npm itself.
23 error Tell the author that this fails on your system:
23 error     mocha
23 error You can get information on how to open an issue for this project with:
23 error     npm bugs 04-inbox-app
23 error Or if that isn't available, you can get their info via:
23 error     npm owner ls 04-inbox-app
23 error There is likely additional logging output above.
24 verbose exit [ 1, true ]
